<?xml version="1.0" encoding="UTF-8"?>
<testng-results ignored="0" total="2" passed="2" failed="0" skipped="0">
  <reporter-output>
  </reporter-output>
  <suite started-at="2021-04-09T18:52:32 IST" name="Default suite" finished-at="2021-04-09T18:53:09 IST" duration-ms="36771">
    <groups>
    </groups>
    <test started-at="2021-04-09T18:52:32 IST" name="Default test" finished-at="2021-04-09T18:53:09 IST" duration-ms="36771">
      <class name="profileCompletion.AddProfileSection_Skills">
        <test-method is-config="true" signature="invokeBrowser()[pri:0, instance:profileCompletion.AddProfileSection_Skills@f0c8a99]" started-at="2021-04-09T18:52:25 IST" name="invokeBrowser" finished-at="2021-04-09T18:52:32 IST" duration-ms="7305" status="PASS">
          <reporter-output>
          </reporter-output>
        </test-method> <!-- invokeBrowser -->
        <test-method is-config="true" signature="login()[pri:0, instance:profileCompletion.AddProfileSection_Skills@f0c8a99]" started-at="2021-04-09T18:52:32 IST" name="login" finished-at="2021-04-09T18:52:44 IST" duration-ms="11925" status="PASS">
          <reporter-output>
          </reporter-output>
        </test-method> <!-- login -->
        <test-method signature="addSkill()[pri:1, instance:profileCompletion.AddProfileSection_Skills@f0c8a99]" started-at="2021-04-09T18:52:44 IST" name="addSkill" finished-at="2021-04-09T18:53:06 IST" duration-ms="22444" status="PASS">
          <reporter-output>
          </reporter-output>
        </test-method> <!-- addSkill -->
        <test-method signature="verifySkill()[pri:1, instance:profileCompletion.AddProfileSection_Skills@f0c8a99]" started-at="2021-04-09T18:53:06 IST" name="verifySkill" finished-at="2021-04-09T18:53:08 IST" duration-ms="1742" status="PASS">
          <reporter-output>
          </reporter-output>
        </test-method> <!-- verifySkill -->
        <test-method is-config="true" signature="addedSkill()[pri:0, instance:profileCompletion.AddProfileSection_Skills@f0c8a99]" started-at="2021-04-09T18:53:08 IST" name="addedSkill" finished-at="2021-04-09T18:53:09 IST" duration-ms="597" status="PASS">
          <reporter-output>
          </reporter-output>
        </test-method> <!-- addedSkill -->
      </class> <!-- profileCompletion.AddProfileSection_Skills -->
    </test> <!-- Default test -->
  </suite> <!-- Default suite -->
</testng-results>
